{
  "C:\\Users\\jordi\\OneDrive\\Desktop\\BOOTCAMP\\WEEK7\\Weekend Challange\\202304-w7chw-jordi-calles-back\\src\\connectToDatabase.ts": {
    "path": "C:\\Users\\jordi\\OneDrive\\Desktop\\BOOTCAMP\\WEEK7\\Weekend Challange\\202304-w7chw-jordi-calles-back\\src\\connectToDatabase.ts",
    "statementMap": {
      "0": {
        "start": { "line": 1, "column": 0 },
        "end": { "line": 1, "column": 32 }
      },
      "1": {
        "start": { "line": 3, "column": 26 },
        "end": { "line": 13, "column": 1 }
      },
      "2": {
        "start": { "line": 4, "column": 2 },
        "end": { "line": 4, "column": 30 }
      },
      "3": {
        "start": { "line": 5, "column": 2 },
        "end": { "line": 11, "column": 5 }
      },
      "4": {
        "start": { "line": 9, "column": 6 },
        "end": { "line": 9, "column": 21 }
      },
      "5": {
        "start": { "line": 12, "column": 2 },
        "end": { "line": 12, "column": 37 }
      },
      "6": {
        "start": { "line": 15, "column": 0 },
        "end": { "line": 15, "column": 33 }
      }
    },
    "fnMap": {
      "0": {
        "name": "(anonymous_1)",
        "decl": {
          "start": { "line": 3, "column": 26 },
          "end": { "line": 3, "column": 31 }
        },
        "loc": {
          "start": { "line": 3, "column": 55 },
          "end": { "line": 13, "column": 1 }
        }
      },
      "1": {
        "name": "(anonymous_2)",
        "decl": {
          "start": { "line": 8, "column": 4 },
          "end": { "line": 8, "column": 13 }
        },
        "loc": {
          "start": { "line": 8, "column": 22 },
          "end": { "line": 10, "column": 5 }
        }
      }
    },
    "branchMap": {},
    "s": { "0": 0, "1": 0, "2": 0, "3": 0, "4": 0, "5": 0, "6": 0 },
    "f": { "0": 0, "1": 0 },
    "b": {}
  },
  "C:\\Users\\jordi\\OneDrive\\Desktop\\BOOTCAMP\\WEEK7\\Weekend Challange\\202304-w7chw-jordi-calles-back\\src\\CustomError\\CustomError.ts": {
    "path": "C:\\Users\\jordi\\OneDrive\\Desktop\\BOOTCAMP\\WEEK7\\Weekend Challange\\202304-w7chw-jordi-calles-back\\src\\CustomError\\CustomError.ts",
    "statementMap": {
      "0": {
        "start": { "line": 3, "column": 4 },
        "end": { "line": 3, "column": 19 }
      },
      "1": {
        "start": { "line": 2, "column": 21 },
        "end": { "line": 2, "column": 39 }
      },
      "2": {
        "start": { "line": 7, "column": 0 },
        "end": { "line": 7, "column": 27 }
      }
    },
    "fnMap": {
      "0": {
        "name": "(anonymous_0)",
        "decl": {
          "start": { "line": 2, "column": 2 },
          "end": { "line": 2, "column": 21 }
        },
        "loc": {
          "start": { "line": 2, "column": 56 },
          "end": { "line": 4, "column": 3 }
        }
      }
    },
    "branchMap": {},
    "s": { "0": 2, "1": 2, "2": 1 },
    "f": { "0": 2 },
    "b": {}
  },
  "C:\\Users\\jordi\\OneDrive\\Desktop\\BOOTCAMP\\WEEK7\\Weekend Challange\\202304-w7chw-jordi-calles-back\\src\\server\\index.ts": {
    "path": "C:\\Users\\jordi\\OneDrive\\Desktop\\BOOTCAMP\\WEEK7\\Weekend Challange\\202304-w7chw-jordi-calles-back\\src\\server\\index.ts",
    "statementMap": {
      "0": {
        "start": { "line": 1, "column": 0 },
        "end": { "line": 1, "column": 30 }
      },
      "1": {
        "start": { "line": 2, "column": 0 },
        "end": { "line": 2, "column": 28 }
      },
      "2": {
        "start": { "line": 3, "column": 0 },
        "end": { "line": 3, "column": 24 }
      },
      "3": {
        "start": { "line": 4, "column": 0 },
        "end": { "line": 4, "column": 80 }
      },
      "4": {
        "start": { "line": 6, "column": 23 },
        "end": { "line": 6, "column": 48 }
      },
      "5": {
        "start": { "line": 8, "column": 34 },
        "end": { "line": 10, "column": 2 }
      },
      "6": {
        "start": { "line": 12, "column": 12 },
        "end": { "line": 12, "column": 21 }
      },
      "7": {
        "start": { "line": 14, "column": 0 },
        "end": { "line": 14, "column": 23 }
      },
      "8": {
        "start": { "line": 16, "column": 0 },
        "end": { "line": 16, "column": 28 }
      },
      "9": {
        "start": { "line": 18, "column": 0 },
        "end": { "line": 18, "column": 23 }
      },
      "10": {
        "start": { "line": 20, "column": 0 },
        "end": { "line": 20, "column": 24 }
      },
      "11": {
        "start": { "line": 22, "column": 0 },
        "end": { "line": 22, "column": 23 }
      },
      "12": {
        "start": { "line": 24, "column": 0 },
        "end": { "line": 24, "column": 22 }
      },
      "13": {
        "start": { "line": 26, "column": 0 },
        "end": { "line": 26, "column": 19 }
      }
    },
    "fnMap": {},
    "branchMap": {},
    "s": {
      "0": 0,
      "1": 0,
      "2": 0,
      "3": 0,
      "4": 0,
      "5": 0,
      "6": 0,
      "7": 0,
      "8": 0,
      "9": 0,
      "10": 0,
      "11": 0,
      "12": 0,
      "13": 0
    },
    "f": {},
    "b": {}
  },
  "C:\\Users\\jordi\\OneDrive\\Desktop\\BOOTCAMP\\WEEK7\\Weekend Challange\\202304-w7chw-jordi-calles-back\\src\\server\\loadEnvironments.ts": {
    "path": "C:\\Users\\jordi\\OneDrive\\Desktop\\BOOTCAMP\\WEEK7\\Weekend Challange\\202304-w7chw-jordi-calles-back\\src\\server\\loadEnvironments.ts",
    "statementMap": {
      "0": {
        "start": { "line": 1, "column": 0 },
        "end": { "line": 1, "column": 33 }
      },
      "1": {
        "start": { "line": 2, "column": 0 },
        "end": { "line": 2, "column": 16 }
      }
    },
    "fnMap": {},
    "branchMap": {},
    "s": { "0": 0, "1": 0 },
    "f": {},
    "b": {}
  },
  "C:\\Users\\jordi\\OneDrive\\Desktop\\BOOTCAMP\\WEEK7\\Weekend Challange\\202304-w7chw-jordi-calles-back\\src\\server\\middlewares\\errorMiddlewares.ts": {
    "path": "C:\\Users\\jordi\\OneDrive\\Desktop\\BOOTCAMP\\WEEK7\\Weekend Challange\\202304-w7chw-jordi-calles-back\\src\\server\\middlewares\\errorMiddlewares.ts",
    "statementMap": {
      "0": {
        "start": { "line": 1, "column": 0 },
        "end": { "line": 1, "column": 32 }
      },
      "1": {
        "start": { "line": 2, "column": 0 },
        "end": { "line": 2, "column": 26 }
      },
      "2": {
        "start": { "line": 4, "column": 0 },
        "end": { "line": 4, "column": 59 }
      },
      "3": {
        "start": { "line": 6, "column": 14 },
        "end": { "line": 6, "column": 78 }
      },
      "4": {
        "start": { "line": 8, "column": 29 },
        "end": { "line": 16, "column": 1 }
      },
      "5": {
        "start": { "line": 13, "column": 16 },
        "end": { "line": 13, "column": 58 }
      },
      "6": {
        "start": { "line": 15, "column": 2 },
        "end": { "line": 15, "column": 14 }
      },
      "7": {
        "start": { "line": 8, "column": 13 },
        "end": { "line": 8, "column": 29 }
      },
      "8": {
        "start": { "line": 18, "column": 28 },
        "end": { "line": 31, "column": 1 }
      },
      "9": {
        "start": { "line": 24, "column": 21 },
        "end": { "line": 24, "column": 44 }
      },
      "10": {
        "start": { "line": 26, "column": 18 },
        "end": { "line": 26, "column": 76 }
      },
      "11": {
        "start": { "line": 28, "column": 2 },
        "end": { "line": 28, "column": 77 }
      },
      "12": {
        "start": { "line": 30, "column": 2 },
        "end": { "line": 30, "column": 43 }
      },
      "13": {
        "start": { "line": 18, "column": 13 },
        "end": { "line": 18, "column": 28 }
      }
    },
    "fnMap": {
      "0": {
        "name": "(anonymous_1)",
        "decl": {
          "start": { "line": 8, "column": 29 },
          "end": { "line": 8, "column": null }
        },
        "loc": {
          "start": { "line": 12, "column": 4 },
          "end": { "line": 16, "column": 1 }
        }
      },
      "1": {
        "name": "(anonymous_2)",
        "decl": {
          "start": { "line": 18, "column": 28 },
          "end": { "line": 18, "column": null }
        },
        "loc": {
          "start": { "line": 23, "column": 4 },
          "end": { "line": 31, "column": 1 }
        }
      }
    },
    "branchMap": {
      "0": {
        "loc": {
          "start": { "line": 24, "column": 21 },
          "end": { "line": 24, "column": 44 }
        },
        "type": "binary-expr",
        "locations": [
          {
            "start": { "line": 24, "column": 21 },
            "end": { "line": 24, "column": 37 }
          },
          {
            "start": { "line": 24, "column": 41 },
            "end": { "line": 24, "column": 44 }
          }
        ]
      },
      "1": {
        "loc": {
          "start": { "line": 26, "column": 18 },
          "end": { "line": 26, "column": 76 }
        },
        "type": "cond-expr",
        "locations": [
          {
            "start": { "line": 26, "column": 37 },
            "end": { "line": 26, "column": 50 }
          },
          {
            "start": { "line": 26, "column": 53 },
            "end": { "line": 26, "column": 76 }
          }
        ]
      }
    },
    "s": {
      "0": 1,
      "1": 1,
      "2": 1,
      "3": 1,
      "4": 1,
      "5": 1,
      "6": 1,
      "7": 1,
      "8": 1,
      "9": 1,
      "10": 1,
      "11": 1,
      "12": 1,
      "13": 1
    },
    "f": { "0": 1, "1": 1 },
    "b": { "0": [1, 1], "1": [0, 1] }
  }
}
